Build started 12/21/2015 2:47:11 AM.
     1>Project "C:\Users\Hussein\Documents\GitHub\AES-Encryption-Implementation\AES-Encryption-Implementation\AES-Encryption-Implementation.vcxproj" on node 2 (build target(s)).
     1>InitializeBuildStatus:
         Creating "Debug\AES-Encryption-Implementation.unsuccessfulbuild" because "AlwaysCreate" was specified.
       ClCompile:
         C:\Program Files (x86)\Microsoft Visual Studio 10.0\VC\bin\CL.exe /c /ZI /nologo /W3 /WX- /Od /Oy- /D WIN32 /D _DEBUG /D _CONSOLE /D _UNICODE /D UNICODE /Gm /EHsc /RTC1 /MDd /GS /fp:precise /Zc:wchar_t /Zc:forScope /Fo"Debug\\" /Fd"Debug\vc100.pdb" /Gd /TP /analyze- /errorReport:prompt AES_Encryptor.cpp
         AES_Encryptor.cpp
     1>c:\users\hussein\documents\github\aes-encryption-implementation\aes-encryption-implementation\aes_encryptor.cpp(123): warning C4996: 'freopen': This function or variable may be unsafe. Consider using freopen_s instead. To disable deprecation, use _CRT_SECURE_NO_WARNINGS. See online help for details.
                 c:\program files (x86)\microsoft visual studio 10.0\vc\include\stdio.h(249) : see declaration of 'freopen'
     1>c:\users\hussein\documents\github\aes-encryption-implementation\aes-encryption-implementation\aes_encryptor.cpp(124): warning C4996: 'freopen': This function or variable may be unsafe. Consider using freopen_s instead. To disable deprecation, use _CRT_SECURE_NO_WARNINGS. See online help for details.
                 c:\program files (x86)\microsoft visual studio 10.0\vc\include\stdio.h(249) : see declaration of 'freopen'
     1>c:\users\hussein\documents\github\aes-encryption-implementation\aes-encryption-implementation\aes_encryptor.cpp(137): warning C4996: 'strcpy': This function or variable may be unsafe. Consider using strcpy_s instead. To disable deprecation, use _CRT_SECURE_NO_WARNINGS. See online help for details.
                 c:\program files (x86)\microsoft visual studio 10.0\vc\include\string.h(105) : see declaration of 'strcpy'
     1>c:\users\hussein\documents\github\aes-encryption-implementation\aes-encryption-implementation\aes_encryptor.cpp(138): warning C4996: 'sscanf': This function or variable may be unsafe. Consider using sscanf_s instead. To disable deprecation, use _CRT_SECURE_NO_WARNINGS. See online help for details.
                 c:\program files (x86)\microsoft visual studio 10.0\vc\include\stdio.h(325) : see declaration of 'sscanf'
     1>c:\users\hussein\documents\github\aes-encryption-implementation\aes-encryption-implementation\aes_encryptor.cpp(141): warning C4996: 'strcpy': This function or variable may be unsafe. Consider using strcpy_s instead. To disable deprecation, use _CRT_SECURE_NO_WARNINGS. See online help for details.
                 c:\program files (x86)\microsoft visual studio 10.0\vc\include\string.h(105) : see declaration of 'strcpy'
     1>c:\users\hussein\documents\github\aes-encryption-implementation\aes-encryption-implementation\aes_encryptor.cpp(142): warning C4996: 'sscanf': This function or variable may be unsafe. Consider using sscanf_s instead. To disable deprecation, use _CRT_SECURE_NO_WARNINGS. See online help for details.
                 c:\program files (x86)\microsoft visual studio 10.0\vc\include\stdio.h(325) : see declaration of 'sscanf'
       Link:
         C:\Program Files (x86)\Microsoft Visual Studio 10.0\VC\bin\link.exe /ERRORREPORT:PROMPT /OUT:"C:\Users\Hussein\Documents\GitHub\AES-Encryption-Implementation\Debug\AES-Encryption-Implementation.exe" /INCREMENTAL:NO /NOLOGO kernel32.lib user32.lib gdi32.lib winspool.lib comdlg32.lib advapi32.lib shell32.lib ole32.lib oleaut32.lib uuid.lib odbc32.lib odbccp32.lib /MANIFEST /ManifestFile:"Debug\AES-Encryption-Implementation.exe.intermediate.manifest" /MANIFESTUAC:"level='asInvoker' uiAccess='false'" /DEBUG /PDB:"C:\Users\Hussein\Documents\GitHub\AES-Encryption-Implementation\Debug\AES-Encryption-Implementation.pdb" /SUBSYSTEM:CONSOLE /TLBID:1 /DYNAMICBASE /NXCOMPAT /IMPLIB:"C:\Users\Hussein\Documents\GitHub\AES-Encryption-Implementation\Debug\AES-Encryption-Implementation.lib" /MACHINE:X86 Debug\AES_Encryptor.obj
     1>AES_Encryptor.obj : warning LNK4075: ignoring '/EDITANDCONTINUE' due to '/INCREMENTAL:NO' specification
         AES-Encryption-Implementation.vcxproj -> C:\Users\Hussein\Documents\GitHub\AES-Encryption-Implementation\Debug\AES-Encryption-Implementation.exe
       Manifest:
         C:\Program Files (x86)\Microsoft SDKs\Windows\v7.0A\bin\mt.exe /nologo /verbose /outputresource:"C:\Users\Hussein\Documents\GitHub\AES-Encryption-Implementation\Debug\AES-Encryption-Implementation.exe;#1" /manifest "Debug\AES-Encryption-Implementation.exe.intermediate.manifest"
       FinalizeBuildStatus:
         Deleting file "Debug\AES-Encryption-Implementation.unsuccessfulbuild".
         Touching "Debug\AES-Encryption-Implementation.lastbuildstate".
     1>Done Building Project "C:\Users\Hussein\Documents\GitHub\AES-Encryption-Implementation\AES-Encryption-Implementation\AES-Encryption-Implementation.vcxproj" (build target(s)).

Build succeeded.

Time Elapsed 00:00:00.88
